

*******************************************************************************
Thu Oct  1 16:21:43 2015


FIT:    data read from datafile using 1:2
        #datapoints = 120
        residuals are weighted equally (unit weight)

function used for fitting: f(x)
fitted parameters initialized with current variable values



 Iteration 0
 WSSR        : 1.9878e+07        delta(WSSR)/WSSR   : 0
 delta(WSSR) : 0                 limit for stopping : 1e-05
 lambda	  : 60.0914

initial set of free parameter values

I0              = 1978
x0              = 64
sig             = 5
Ba              = 1000

After 8 iterations the fit converged.
final sum of squares of residuals : 339122
rel. change during last iteration : -8.05168e-06

degrees of freedom    (FIT_NDF)                        : 116
rms of residuals      (FIT_STDFIT) = sqrt(WSSR/ndf)    : 54.0691
variance of residuals (reduced chisquare) = WSSR/ndf   : 2923.47

Final set of parameters            Asymptotic Standard Error
=======================            ==========================

I0              = 577.871          +/- 26.2         (4.534%)
x0              = 63.9206          +/- 0.1907       (0.2983%)
sig             = 3.68045          +/- 0.1968       (5.347%)
Ba              = 1316.9           +/- 5.396        (0.4097%)


correlation matrix of the fit parameters:

               I0     x0     sig    Ba     
I0              1.000 
x0              0.010  1.000 
sig            -0.517 -0.008  1.000 
Ba             -0.146  0.000 -0.247  1.000 
