

*******************************************************************************
Thu Oct  1 16:21:43 2015


FIT:    data read from datafile using 1:2
        #datapoints = 120
        residuals are weighted equally (unit weight)

function used for fitting: f(x)
fitted parameters initialized with current variable values



 Iteration 0
 WSSR        : 2.38538e+07       delta(WSSR)/WSSR   : 0
 delta(WSSR) : 0                 limit for stopping : 1e-05
 lambda	  : 52.084

initial set of free parameter values

I0              = 2028.5
x0              = 53
sig             = 7
Ba              = 1000

After 9 iterations the fit converged.
final sum of squares of residuals : 312343
rel. change during last iteration : -1.34734e-06

degrees of freedom    (FIT_NDF)                        : 116
rms of residuals      (FIT_STDFIT) = sqrt(WSSR/ndf)    : 51.8904
variance of residuals (reduced chisquare) = WSSR/ndf   : 2692.61

Final set of parameters            Asymptotic Standard Error
=======================            ==========================

I0              = 613.44           +/- 22.52        (3.671%)
x0              = 53.0117          +/- 0.1931       (0.3643%)
sig             = 4.6192           +/- 0.2012       (4.357%)
Ba              = 1300.96          +/- 5.312        (0.4083%)


correlation matrix of the fit parameters:

               I0     x0     sig    Ba     
I0              1.000 
x0              0.007  1.000 
sig            -0.499 -0.006  1.000 
Ba             -0.167  0.000 -0.281  1.000 
