

*******************************************************************************
Thu Oct  1 16:21:44 2015


FIT:    data read from datafile using 1:2
        #datapoints = 120
        residuals are weighted equally (unit weight)

function used for fitting: f(x)
fitted parameters initialized with current variable values



 Iteration 0
 WSSR        : 5.58397e+07       delta(WSSR)/WSSR   : 0
 delta(WSSR) : 0                 limit for stopping : 1e-05
 lambda	  : 19.7062

initial set of free parameter values

I0              = 1741
x0              = 56
sig             = 31
Ba              = 1000

After 7 iterations the fit converged.
final sum of squares of residuals : 312975
rel. change during last iteration : -8.23496e-06

degrees of freedom    (FIT_NDF)                        : 116
rms of residuals      (FIT_STDFIT) = sqrt(WSSR/ndf)    : 51.9429
variance of residuals (reduced chisquare) = WSSR/ndf   : 2698.06

Final set of parameters            Asymptotic Standard Error
=======================            ==========================

I0              = 344.281          +/- 16.87        (4.9%)
x0              = 59.793           +/- 0.7727       (1.292%)
sig             = 23.1551          +/- 1.636        (7.065%)
Ba              = 1336.76          +/- 17.31        (1.295%)


correlation matrix of the fit parameters:

               I0     x0     sig    Ba     
I0              1.000 
x0             -0.001  1.000 
sig             0.545 -0.003  1.000 
Ba             -0.807  0.003 -0.879  1.000 
