

*******************************************************************************
Thu Oct  1 16:21:39 2015


FIT:    data read from datafile using 1:2
        #datapoints = 120
        residuals are weighted equally (unit weight)

function used for fitting: f(x)
fitted parameters initialized with current variable values



 Iteration 0
 WSSR        : 3.01733e+07       delta(WSSR)/WSSR   : 0
 delta(WSSR) : 0                 limit for stopping : 1e-05
 lambda	  : 114.21

initial set of free parameter values

I0              = 3759.5
x0              = 53
sig             = 5
Ba              = 1000

After 7 iterations the fit converged.
final sum of squares of residuals : 294190
rel. change during last iteration : -3.24583e-06

degrees of freedom    (FIT_NDF)                        : 116
rms of residuals      (FIT_STDFIT) = sqrt(WSSR/ndf)    : 50.3599
variance of residuals (reduced chisquare) = WSSR/ndf   : 2536.12

Final set of parameters            Asymptotic Standard Error
=======================            ==========================

I0              = 2439.64          +/- 26.59        (1.09%)
x0              = 52.779           +/- 0.03853      (0.07301%)
sig             = 3.08767          +/- 0.03954      (1.281%)
Ba              = 1272.86          +/- 4.948        (0.3888%)


correlation matrix of the fit parameters:

               I0     x0     sig    Ba     
I0              1.000 
x0              0.010  1.000 
sig            -0.528 -0.008  1.000 
Ba             -0.132  0.000 -0.224  1.000 
