

*******************************************************************************
Thu Oct  1 16:21:39 2015


FIT:    data read from datafile using 1:2
        #datapoints = 120
        residuals are weighted equally (unit weight)

function used for fitting: f(x)
fitted parameters initialized with current variable values



 Iteration 0
 WSSR        : 6.76751e+07       delta(WSSR)/WSSR   : 0
 delta(WSSR) : 0                 limit for stopping : 1e-05
 lambda	  : 23.349

initial set of free parameter values

I0              = 1954
x0              = 54
sig             = 29
Ba              = 1000

After 6 iterations the fit converged.
final sum of squares of residuals : 249953
rel. change during last iteration : -4.95487e-07

degrees of freedom    (FIT_NDF)                        : 116
rms of residuals      (FIT_STDFIT) = sqrt(WSSR/ndf)    : 46.4195
variance of residuals (reduced chisquare) = WSSR/ndf   : 2154.77

Final set of parameters            Asymptotic Standard Error
=======================            ==========================

I0              = 653.504          +/- 12.18        (1.864%)
x0              = 58.8716          +/- 0.3276       (0.5564%)
sig             = 18.8427          +/- 0.5095       (2.704%)
Ba              = 1229.05          +/- 9.873        (0.8033%)


correlation matrix of the fit parameters:

               I0     x0     sig    Ba     
I0              1.000 
x0              0.002  1.000 
sig             0.152 -0.000  1.000 
Ba             -0.590 -0.001 -0.766  1.000 
