

*******************************************************************************
Thu Oct  1 16:21:39 2015


FIT:    data read from datafile using 1:2
        #datapoints = 120
        residuals are weighted equally (unit weight)

function used for fitting: f(x)
fitted parameters initialized with current variable values



 Iteration 0
 WSSR        : 6.13662e+07       delta(WSSR)/WSSR   : 0
 delta(WSSR) : 0                 limit for stopping : 1e-05
 lambda	  : 20.4639

initial set of free parameter values

I0              = 1808
x0              = 56
sig             = 31
Ba              = 1000

After 6 iterations the fit converged.
final sum of squares of residuals : 124640
rel. change during last iteration : -1.53591e-07

degrees of freedom    (FIT_NDF)                        : 116
rms of residuals      (FIT_STDFIT) = sqrt(WSSR/ndf)    : 32.7793
variance of residuals (reduced chisquare) = WSSR/ndf   : 1074.48

Final set of parameters            Asymptotic Standard Error
=======================            ==========================

I0              = 486.809          +/- 8.666        (1.78%)
x0              = 60.944           +/- 0.3134       (0.5143%)
sig             = 19.1948          +/- 0.4977       (2.593%)
Ba              = 1292.29          +/- 7.198        (0.557%)


correlation matrix of the fit parameters:

               I0     x0     sig    Ba     
I0              1.000 
x0             -0.001  1.000 
sig             0.183 -0.003  1.000 
Ba             -0.608  0.003 -0.776  1.000 
