

*******************************************************************************
Thu Oct  1 16:21:37 2015


FIT:    data read from datafile using 1:2
        #datapoints = 120
        residuals are weighted equally (unit weight)

function used for fitting: f(x)
fitted parameters initialized with current variable values



 Iteration 0
 WSSR        : 2.91015e+07       delta(WSSR)/WSSR   : 0
 delta(WSSR) : 0                 limit for stopping : 1e-05
 lambda	  : 141.019

initial set of free parameter values

I0              = 4642
x0              = 53
sig             = 5
Ba              = 1000

After 7 iterations the fit converged.
final sum of squares of residuals : 698733
rel. change during last iteration : -2.35323e-07

degrees of freedom    (FIT_NDF)                        : 116
rms of residuals      (FIT_STDFIT) = sqrt(WSSR/ndf)    : 77.6116
variance of residuals (reduced chisquare) = WSSR/ndf   : 6023.56

Final set of parameters            Asymptotic Standard Error
=======================            ==========================

I0              = 3415.38          +/- 38.25        (1.12%)
x0              = 52.5125          +/- 0.04552      (0.08669%)
sig             = 3.55594          +/- 0.04692      (1.319%)
Ba              = 1304.74          +/- 7.719        (0.5916%)


correlation matrix of the fit parameters:

               I0     x0     sig    Ba     
I0              1.000 
x0              0.008  1.000 
sig            -0.520 -0.007  1.000 
Ba             -0.143  0.000 -0.242  1.000 
