

*******************************************************************************
Thu Oct  1 16:21:37 2015


FIT:    data read from datafile using 1:2
        #datapoints = 120
        residuals are weighted equally (unit weight)

function used for fitting: f(x)
fitted parameters initialized with current variable values



 Iteration 0
 WSSR        : 5.86165e+07       delta(WSSR)/WSSR   : 0
 delta(WSSR) : 0                 limit for stopping : 1e-05
 lambda	  : 26.0664

initial set of free parameter values

I0              = 2051
x0              = 60
sig             = 27
Ba              = 1000

After 6 iterations the fit converged.
final sum of squares of residuals : 278923
rel. change during last iteration : -6.60321e-07

degrees of freedom    (FIT_NDF)                        : 116
rms of residuals      (FIT_STDFIT) = sqrt(WSSR/ndf)    : 49.0358
variance of residuals (reduced chisquare) = WSSR/ndf   : 2404.51

Final set of parameters            Asymptotic Standard Error
=======================            ==========================

I0              = 690.665          +/- 12.65        (1.832%)
x0              = 62.4812          +/- 0.3112       (0.4981%)
sig             = 17.0252          +/- 0.437        (2.567%)
Ba              = 1317.89          +/- 8.91         (0.6761%)


correlation matrix of the fit parameters:

               I0     x0     sig    Ba     
I0              1.000 
x0              0.001  1.000 
sig            -0.001 -0.003  1.000 
Ba             -0.504  0.002 -0.702  1.000 
