

*******************************************************************************
Thu Oct  1 16:21:37 2015


FIT:    data read from datafile using 1:2
        #datapoints = 120
        residuals are weighted equally (unit weight)

function used for fitting: f(x)
fitted parameters initialized with current variable values



 Iteration 0
 WSSR        : 5.65522e+07       delta(WSSR)/WSSR   : 0
 delta(WSSR) : 0                 limit for stopping : 1e-05
 lambda	  : 28.9871

initial set of free parameter values

I0              = 2165.5
x0              = 58
sig             = 25
Ba              = 1000

After 5 iterations the fit converged.
final sum of squares of residuals : 222767
rel. change during last iteration : -4.05624e-06

degrees of freedom    (FIT_NDF)                        : 116
rms of residuals      (FIT_STDFIT) = sqrt(WSSR/ndf)    : 43.8224
variance of residuals (reduced chisquare) = WSSR/ndf   : 1920.4

Final set of parameters            Asymptotic Standard Error
=======================            ==========================

I0              = 877.649          +/- 11.31        (1.289%)
x0              = 57.0669          +/- 0.2185       (0.383%)
sig             = 16.9772          +/- 0.3064       (1.804%)
Ba              = 1250.98          +/- 7.938        (0.6345%)


correlation matrix of the fit parameters:

               I0     x0     sig    Ba     
I0              1.000 
x0              0.002  1.000 
sig            -0.004 -0.000  1.000 
Ba             -0.502 -0.002 -0.701  1.000 
