

*******************************************************************************
Thu Oct  1 16:21:46 2015


FIT:    data read from datafile using 1:2
        #datapoints = 120
        residuals are weighted equally (unit weight)

function used for fitting: f(x)
fitted parameters initialized with current variable values



 Iteration 0
 WSSR        : 5.25033e+07       delta(WSSR)/WSSR   : 0
 delta(WSSR) : 0                 limit for stopping : 1e-05
 lambda	  : 18.2475

initial set of free parameter values

I0              = 1612
x0              = 56
sig             = 31
Ba              = 1000

After 8 iterations the fit converged.
final sum of squares of residuals : 142429
rel. change during last iteration : -4.23548e-06

degrees of freedom    (FIT_NDF)                        : 116
rms of residuals      (FIT_STDFIT) = sqrt(WSSR/ndf)    : 35.0405
variance of residuals (reduced chisquare) = WSSR/ndf   : 1227.83

Final set of parameters            Asymptotic Standard Error
=======================            ==========================

I0              = 271.963          +/- 13.94        (5.125%)
x0              = 59.6981          +/- 0.6929       (1.161%)
sig             = 25.3545          +/- 1.76         (6.941%)
Ba              = 1298.23          +/- 15.04        (1.158%)


correlation matrix of the fit parameters:

               I0     x0     sig    Ba     
I0              1.000 
x0             -0.002  1.000 
sig             0.701 -0.003  1.000 
Ba             -0.887  0.003 -0.915  1.000 
