

*******************************************************************************
Thu Oct  1 16:21:41 2015


FIT:    data read from datafile using 1:2
        #datapoints = 120
        residuals are weighted equally (unit weight)

function used for fitting: f(x)
fitted parameters initialized with current variable values



 Iteration 0
 WSSR        : 2.32192e+07       delta(WSSR)/WSSR   : 0
 delta(WSSR) : 0                 limit for stopping : 1e-05
 lambda	  : 60.347

initial set of free parameter values

I0              = 2176
x0              = 53
sig             = 6
Ba              = 1000

After 7 iterations the fit converged.
final sum of squares of residuals : 287652
rel. change during last iteration : -7.03532e-06

degrees of freedom    (FIT_NDF)                        : 116
rms of residuals      (FIT_STDFIT) = sqrt(WSSR/ndf)    : 49.7972
variance of residuals (reduced chisquare) = WSSR/ndf   : 2479.76

Final set of parameters            Asymptotic Standard Error
=======================            ==========================

I0              = 830.657          +/- 25.41        (3.059%)
x0              = 53.2145          +/- 0.1159       (0.2178%)
sig             = 3.31111          +/- 0.1192       (3.599%)
Ba              = 1298.81          +/- 4.921        (0.3789%)


correlation matrix of the fit parameters:

               I0     x0     sig    Ba     
I0              1.000 
x0              0.009  1.000 
sig            -0.524 -0.008  1.000 
Ba             -0.137  0.000 -0.233  1.000 
