

*******************************************************************************
Thu Oct  1 16:21:41 2015


FIT:    data read from datafile using 1:2
        #datapoints = 120
        residuals are weighted equally (unit weight)

function used for fitting: f(x)
fitted parameters initialized with current variable values



 Iteration 0
 WSSR        : 1.84384e+07       delta(WSSR)/WSSR   : 0
 delta(WSSR) : 0                 limit for stopping : 1e-05
 lambda	  : 59.4231

initial set of free parameter values

I0              = 1956
x0              = 64
sig             = 5
Ba              = 1000

After 8 iterations the fit converged.
final sum of squares of residuals : 380229
rel. change during last iteration : -7.95391e-06

degrees of freedom    (FIT_NDF)                        : 116
rms of residuals      (FIT_STDFIT) = sqrt(WSSR/ndf)    : 57.2524
variance of residuals (reduced chisquare) = WSSR/ndf   : 3277.83

Final set of parameters            Asymptotic Standard Error
=======================            ==========================

I0              = 595.048          +/- 26.52        (4.457%)
x0              = 64.3188          +/- 0.2054       (0.3193%)
sig             = 4.03805          +/- 0.2127       (5.268%)
Ba              = 1307.53          +/- 5.768        (0.4411%)


correlation matrix of the fit parameters:

               I0     x0     sig    Ba     
I0              1.000 
x0              0.009  1.000 
sig            -0.510 -0.008  1.000 
Ba             -0.154  0.000 -0.260  1.000 
