

*******************************************************************************
Tue Jul  7 11:27:25 2015


FIT:    data read from "twocoils.txt" u 1:(($2==0 & $3==0) ? (sqrt($4**2+$5**2+$6**2)*Bscale):NaN)
        #datapoints = 1030301
        residuals are weighted equally (unit weight)

function used for fitting: f(x)


*******************************************************************************
Tue Jul  7 11:27:42 2015


FIT:    data read from "twocoils.txt" u 1:(($2==0 & $3==0) ? (sqrt($4**2+$5**2+$6**2)*Bscale):NaN)
	x range restricted to [-0.0100000 : 0.0100000]
        #datapoints = 51005
        residuals are weighted equally (unit weight)

function used for fitting: f(x)


*******************************************************************************
Tue Jul  7 11:27:55 2015


FIT:    data read from "twocoils.txt" u 1:(($2==0 & $3==0) ? (sqrt($4**2+$5**2+$6**2)*Bscale):NaN)
	x range restricted to [-0.0100000 : 0.0100000]
        #datapoints = 51005
        residuals are weighted equally (unit weight)

function used for fitting: f(x)
fitted parameters initialized with current variable values



 Iteration 0
 WSSR        : nan               delta(WSSR)/WSSR   : 0
 delta(WSSR) : nan               limit for stopping : 1e-05
 lambda	  : 0.57735

initial set of free parameter values

a               = 1
b               = 1e-30
c               = 20

After 1 iterations the fit converged.
final sum of squares of residuals : nan
abs. change during last iteration : nan

degrees of freedom    (FIT_NDF)                        : 51002
rms of residuals      (FIT_STDFIT) = sqrt(WSSR/ndf)    : nan
variance of residuals (reduced chisquare) = WSSR/ndf   : nan

BREAK:          Singular matrix in Invert_RtR



*******************************************************************************
Tue Jul  7 11:32:05 2015


FIT:    data read from "twocoils.txt" u 1:(($2==0 & $3==0) ? (sqrt($4**2+$5**2+$6**2)*Bscale):NaN)
	x range restricted to [-0.0500000 : 0.0500000]
        #datapoints = 255025
        residuals are weighted equally (unit weight)

function used for fitting: f(x)
fitted parameters initialized with current variable values



 Iteration 0
 WSSR        : nan               delta(WSSR)/WSSR   : 0
 delta(WSSR) : nan               limit for stopping : 1e-05
 lambda	  : 0.577351

initial set of free parameter values

a               = 10000
b               = 1e-30
c               = 20

After 1 iterations the fit converged.
final sum of squares of residuals : nan
abs. change during last iteration : nan

degrees of freedom    (FIT_NDF)                        : 255022
rms of residuals      (FIT_STDFIT) = sqrt(WSSR/ndf)    : nan
variance of residuals (reduced chisquare) = WSSR/ndf   : nan

BREAK:          Singular matrix in Invert_RtR



*******************************************************************************
Tue Jul  7 11:33:22 2015


FIT:    data read from "twocoils.txt" u 1:(($2==0 & $3==0) ? (sqrt($4**2+$5**2+$6**2)*Bscale):NaN)
	x range restricted to [-0.0500000 : 0.0500000]
	y range restricted to [0.00000 : *]
        #datapoints = 255025
        residuals are weighted equally (unit weight)

function used for fitting: f(x)
fitted parameters initialized with current variable values



 Iteration 0
 WSSR        : nan               delta(WSSR)/WSSR   : 0
 delta(WSSR) : nan               limit for stopping : 1e-05
 lambda	  : 0.577351

initial set of free parameter values

a               = 10000
b               = 1e-30
c               = 20

After 1 iterations the fit converged.
final sum of squares of residuals : nan
abs. change during last iteration : nan

degrees of freedom    (FIT_NDF)                        : 255022
rms of residuals      (FIT_STDFIT) = sqrt(WSSR/ndf)    : nan
variance of residuals (reduced chisquare) = WSSR/ndf   : nan

BREAK:          Singular matrix in Invert_RtR

